<testsuite name="rm0006-certification" tests="96" failures="0" errors="0" time="607.632">
  <testcase classname="cycle-1" name="explain-tutor-service-status--it" time="6.853" />
  <testcase classname="cycle-1" name="explain-tutor-service-status--en" time="14.955" />
  <testcase classname="cycle-1" name="explain-boundary-calendar-create--it" time="7.801" />
  <testcase classname="cycle-1" name="explain-boundary-calendar-create--en" time="5.469" />
  <testcase classname="cycle-1" name="explain-direct-current-time--it" time="0.058" />
  <testcase classname="cycle-1" name="explain-direct-current-time--en" time="0.056" />
  <testcase classname="cycle-1" name="read-files-filtered--it" time="5.991" />
  <testcase classname="cycle-1" name="read-files-filtered--en" time="5.465" />
  <testcase classname="cycle-1" name="read-file-content--it" time="4.702" />
  <testcase classname="cycle-1" name="read-file-content--en" time="4.189" />
  <testcase classname="cycle-1" name="read-tasks-open--it" time="3.234" />
  <testcase classname="cycle-1" name="read-tasks-open--en" time="3.198" />
  <testcase classname="cycle-1" name="read-urls-limit--it" time="5.387" />
  <testcase classname="cycle-1" name="read-urls-limit--en" time="4.529" />
  <testcase classname="cycle-1" name="compose-find-then-read--it" time="6.882" />
  <testcase classname="cycle-1" name="compose-find-then-read--en" time="7.143" />
  <testcase classname="cycle-1" name="compose-find-sort-files--it" time="7.174" />
  <testcase classname="cycle-1" name="compose-find-sort-files--en" time="7.102" />
  <testcase classname="cycle-1" name="compose-contacts-filter--it" time="5.131" />
  <testcase classname="cycle-1" name="compose-contacts-filter--en" time="5.030" />
  <testcase classname="cycle-1" name="compose-read-group-entries--it" time="7.022" />
  <testcase classname="cycle-1" name="compose-read-group-entries--en" time="6.925" />
  <testcase classname="cycle-1" name="mutation-file-create--it" time="5.676" />
  <testcase classname="cycle-1" name="mutation-file-create--en" time="5.346" />
  <testcase classname="cycle-1" name="mutation-file-update--it" time="4.263" />
  <testcase classname="cycle-1" name="mutation-file-update--en" time="4.233" />
  <testcase classname="cycle-1" name="mutation-file-delete-undo--it" time="14.839" />
  <testcase classname="cycle-1" name="mutation-file-delete-undo--en" time="14.688" />
  <testcase classname="cycle-1" name="mutation-event-create-delete--it" time="6.403" />
  <testcase classname="cycle-1" name="mutation-event-create-delete--en" time="6.481" />
  <testcase classname="cycle-1" name="placement-device-read--it" time="4.712" />
  <testcase classname="cycle-1" name="placement-device-read--en" time="4.596" />
  <testcase classname="cycle-1" name="placement-device-mutation-no-fallback--it" time="5.571" />
  <testcase classname="cycle-1" name="placement-device-mutation-no-fallback--en" time="5.153" />
  <testcase classname="cycle-1" name="placement-owner-isolation--it" time="10.516" />
  <testcase classname="cycle-1" name="placement-owner-isolation--en" time="10.676" />
  <testcase classname="cycle-1" name="dialog-missing-input-resume--it" time="8.340" />
  <testcase classname="cycle-1" name="dialog-missing-input-resume--en" time="8.329" />
  <testcase classname="cycle-1" name="dialog-approval-resume-once--it" time="10.988" />
  <testcase classname="cycle-1" name="dialog-approval-resume-once--en" time="10.833" />
  <testcase classname="cycle-1" name="durable-complete-artifact--it" time="0.827" />
  <testcase classname="cycle-1" name="durable-complete-artifact--en" time="0.725" />
  <testcase classname="cycle-1" name="durable-stop-restart-resume--it" time="0.692" />
  <testcase classname="cycle-1" name="durable-stop-restart-resume--en" time="0.847" />
  <testcase classname="cycle-1" name="failure-credential-revoked--it" time="7.820" />
  <testcase classname="cycle-1" name="failure-credential-revoked--en" time="10.987" />
  <testcase classname="cycle-1" name="failure-partial-compose--it" time="8.571" />
  <testcase classname="cycle-1" name="failure-partial-compose--en" time="8.332" />
  <testcase classname="cycle-2" name="explain-tutor-service-status--it" time="10.160" />
  <testcase classname="cycle-2" name="explain-tutor-service-status--en" time="14.875" />
  <testcase classname="cycle-2" name="explain-boundary-calendar-create--it" time="7.796" />
  <testcase classname="cycle-2" name="explain-boundary-calendar-create--en" time="5.484" />
  <testcase classname="cycle-2" name="explain-direct-current-time--it" time="0.058" />
  <testcase classname="cycle-2" name="explain-direct-current-time--en" time="0.055" />
  <testcase classname="cycle-2" name="read-files-filtered--it" time="6.065" />
  <testcase classname="cycle-2" name="read-files-filtered--en" time="5.552" />
  <testcase classname="cycle-2" name="read-file-content--it" time="4.770" />
  <testcase classname="cycle-2" name="read-file-content--en" time="4.306" />
  <testcase classname="cycle-2" name="read-tasks-open--it" time="3.276" />
  <testcase classname="cycle-2" name="read-tasks-open--en" time="3.271" />
  <testcase classname="cycle-2" name="read-urls-limit--it" time="4.890" />
  <testcase classname="cycle-2" name="read-urls-limit--en" time="4.645" />
  <testcase classname="cycle-2" name="compose-find-then-read--it" time="7.011" />
  <testcase classname="cycle-2" name="compose-find-then-read--en" time="7.077" />
  <testcase classname="cycle-2" name="compose-find-sort-files--it" time="7.304" />
  <testcase classname="cycle-2" name="compose-find-sort-files--en" time="7.281" />
  <testcase classname="cycle-2" name="compose-contacts-filter--it" time="5.207" />
  <testcase classname="cycle-2" name="compose-contacts-filter--en" time="5.103" />
  <testcase classname="cycle-2" name="compose-read-group-entries--it" time="7.071" />
  <testcase classname="cycle-2" name="compose-read-group-entries--en" time="6.987" />
  <testcase classname="cycle-2" name="mutation-file-create--it" time="5.665" />
  <testcase classname="cycle-2" name="mutation-file-create--en" time="5.399" />
  <testcase classname="cycle-2" name="mutation-file-update--it" time="4.289" />
  <testcase classname="cycle-2" name="mutation-file-update--en" time="4.268" />
  <testcase classname="cycle-2" name="mutation-file-delete-undo--it" time="15.025" />
  <testcase classname="cycle-2" name="mutation-file-delete-undo--en" time="14.813" />
  <testcase classname="cycle-2" name="mutation-event-create-delete--it" time="6.381" />
  <testcase classname="cycle-2" name="mutation-event-create-delete--en" time="6.732" />
  <testcase classname="cycle-2" name="placement-device-read--it" time="4.764" />
  <testcase classname="cycle-2" name="placement-device-read--en" time="4.599" />
  <testcase classname="cycle-2" name="placement-device-mutation-no-fallback--it" time="5.992" />
  <testcase classname="cycle-2" name="placement-device-mutation-no-fallback--en" time="4.438" />
  <testcase classname="cycle-2" name="placement-owner-isolation--it" time="3.985" />
  <testcase classname="cycle-2" name="placement-owner-isolation--en" time="10.446" />
  <testcase classname="cycle-2" name="dialog-missing-input-resume--it" time="8.434" />
  <testcase classname="cycle-2" name="dialog-missing-input-resume--en" time="7.993" />
  <testcase classname="cycle-2" name="dialog-approval-resume-once--it" time="11.012" />
  <testcase classname="cycle-2" name="dialog-approval-resume-once--en" time="10.952" />
  <testcase classname="cycle-2" name="durable-complete-artifact--it" time="0.839" />
  <testcase classname="cycle-2" name="durable-complete-artifact--en" time="0.721" />
  <testcase classname="cycle-2" name="durable-stop-restart-resume--it" time="0.698" />
  <testcase classname="cycle-2" name="durable-stop-restart-resume--en" time="0.846" />
  <testcase classname="cycle-2" name="failure-credential-revoked--it" time="7.995" />
  <testcase classname="cycle-2" name="failure-credential-revoked--en" time="11.404" />
  <testcase classname="cycle-2" name="failure-partial-compose--it" time="8.678" />
  <testcase classname="cycle-2" name="failure-partial-compose--en" time="8.280" />
</testsuite>
