<testsuite name="rm0006-certification" tests="38" failures="0" errors="0" time="266.460">
  <testcase classname="cycle-1" name="explain-tutor-service-status--it" time="10.129" />
  <testcase classname="cycle-1" name="explain-tutor-service-status--en" time="12.695" />
  <testcase classname="cycle-1" name="explain-boundary-calendar-create--it" time="6.947" />
  <testcase classname="cycle-1" name="explain-boundary-calendar-create--en" time="5.432" />
  <testcase classname="cycle-1" name="explain-direct-current-time--it" time="0.061" />
  <testcase classname="cycle-1" name="explain-direct-current-time--en" time="0.055" />
  <testcase classname="cycle-1" name="read-files-filtered--it" time="12.585" />
  <testcase classname="cycle-1" name="read-files-filtered--en" time="5.384" />
  <testcase classname="cycle-1" name="read-file-content--it" time="4.155" />
  <testcase classname="cycle-1" name="read-file-content--en" time="4.217" />
  <testcase classname="cycle-1" name="read-tasks-open--it" time="3.179" />
  <testcase classname="cycle-1" name="read-tasks-open--en" time="3.177" />
  <testcase classname="cycle-1" name="read-urls-limit--it" time="5.407" />
  <testcase classname="cycle-1" name="read-urls-limit--en" time="4.576" />
  <testcase classname="cycle-1" name="compose-find-then-read--it" time="9.779" />
  <testcase classname="cycle-1" name="compose-find-then-read--en" time="6.978" />
  <testcase classname="cycle-1" name="compose-find-sort-files--it" time="7.062" />
  <testcase classname="cycle-1" name="compose-find-sort-files--en" time="7.153" />
  <testcase classname="cycle-1" name="compose-contacts-filter--it" time="4.707" />
  <testcase classname="cycle-1" name="compose-contacts-filter--en" time="4.954" />
  <testcase classname="cycle-1" name="compose-read-group-entries--it" time="7.689" />
  <testcase classname="cycle-1" name="compose-read-group-entries--en" time="7.476" />
  <testcase classname="cycle-1" name="mutation-file-create--it" time="4.888" />
  <testcase classname="cycle-1" name="mutation-file-create--en" time="5.387" />
  <testcase classname="cycle-1" name="mutation-file-update--it" time="4.129" />
  <testcase classname="cycle-1" name="mutation-file-update--en" time="4.245" />
  <testcase classname="cycle-1" name="mutation-file-delete-undo--it" time="14.698" />
  <testcase classname="cycle-1" name="mutation-file-delete-undo--en" time="14.794" />
  <testcase classname="cycle-1" name="mutation-event-create-delete--it" time="6.379" />
  <testcase classname="cycle-1" name="mutation-event-create-delete--en" time="6.578" />
  <testcase classname="cycle-1" name="dialog-missing-input-resume--it" time="8.241" />
  <testcase classname="cycle-1" name="dialog-missing-input-resume--en" time="8.642" />
  <testcase classname="cycle-1" name="dialog-approval-resume-once--it" time="10.567" />
  <testcase classname="cycle-1" name="dialog-approval-resume-once--en" time="10.846" />
  <testcase classname="cycle-1" name="failure-credential-revoked--it" time="7.947" />
  <testcase classname="cycle-1" name="failure-credential-revoked--en" time="8.423" />
  <testcase classname="cycle-1" name="failure-partial-compose--it" time="8.609" />
  <testcase classname="cycle-1" name="failure-partial-compose--en" time="8.290" />
</testsuite>
